{
  "RSpec": {
    "coverage": {
      "/Users/colinarmstrong/Turing/mod2/day_hike/config/environment.rb": [
        null,
        1,
        null,
        null,
        1
      ],
      "/Users/colinarmstrong/Turing/mod2/day_hike/config/application.rb": [
        1,
        null,
        1,
        null,
        1,
        1,
        1,
        1,
        1,
        1,
        1,
        1,
        null,
        null,
        null,
        null,
        1,
        null,
        1,
        1,
        null,
        1,
        null,
        null,
        null,
        null,
        null,
        null,
        1,
        null,
        null
      ],
      "/Users/colinarmstrong/Turing/mod2/day_hike/config/boot.rb": [
        1,
        null,
        1
      ],
      "/Users/colinarmstrong/Turing/mod2/day_hike/config/environments/test.rb": [
        1,
        null,
        null,
        null,
        null,
        null,
        null,
        1,
        null,
        null,
        null,
        null,
        1,
        null,
        null,
        1,
        1,
        null,
        null,
        null,
        null,
        1,
        1,
        null,
        null,
        1,
        null,
        null,
        1,
        1,
        null,
        null,
        null,
        null,
        1,
        null,
        null,
        1,
        null,
        null,
        null,
        null
      ],
      "/Users/colinarmstrong/Turing/mod2/day_hike/config/initializers/application_controller_renderer.rb": [
        null,
        null,
        null,
        null,
        null,
        null,
        null,
        null
      ],
      "/Users/colinarmstrong/Turing/mod2/day_hike/config/initializers/assets.rb": [
        null,
        null,
        null,
        1,
        null,
        null,
        null,
        null,
        1,
        null,
        null,
        null,
        null,
        null
      ],
      "/Users/colinarmstrong/Turing/mod2/day_hike/config/initializers/backtrace_silencers.rb": [
        null,
        null,
        null,
        null,
        null,
        null,
        null
      ],
      "/Users/colinarmstrong/Turing/mod2/day_hike/config/initializers/cookies_serializer.rb": [
        null,
        null,
        null,
        null,
        1
      ],
      "/Users/colinarmstrong/Turing/mod2/day_hike/config/initializers/filter_parameter_logging.rb": [
        null,
        null,
        null,
        1
      ],
      "/Users/colinarmstrong/Turing/mod2/day_hike/config/initializers/inflections.rb": [
        null,
        null,
        null,
        null,
        null,
        null,
        null,
        null,
        null,
        null,
        null,
        null,
        null,
        null,
        null,
        null
      ],
      "/Users/colinarmstrong/Turing/mod2/day_hike/config/initializers/mime_types.rb": [
        null,
        null,
        null,
        null
      ],
      "/Users/colinarmstrong/Turing/mod2/day_hike/config/initializers/wrap_parameters.rb": [
        null,
        null,
        null,
        null,
        null,
        null,
        1,
        2,
        null,
        null,
        null,
        null,
        null,
        null
      ],
      "/Users/colinarmstrong/Turing/mod2/day_hike/config/routes.rb": [
        1,
        null,
        1,
        null
      ],
      "/Users/colinarmstrong/Turing/mod2/day_hike/app/helpers/application_helper.rb": [
        1,
        null
      ],
      "/Users/colinarmstrong/Turing/mod2/day_hike/spec/features/user_sees_one_trip_spec.rb": [
        1,
        null,
        1,
        1,
        1,
        1,
        1,
        null,
        1,
        null,
        1,
        1,
        1,
        1,
        1,
        1,
        null,
        1,
        1,
        1,
        1,
        null,
        1,
        null,
        1,
        null,
        1,
        1,
        1,
        1,
        null,
        1,
        null,
        1,
        null,
        1,
        1,
        1,
        1,
        null,
        1,
        null,
        1,
        null,
        null
      ],
      "/Users/colinarmstrong/Turing/mod2/day_hike/spec/model/trip_spec.rb": [
        1,
        null,
        1,
        1,
        1,
        1,
        1,
        1,
        null,
        1,
        null,
        1,
        1,
        1,
        1,
        null,
        1,
        null,
        1,
        1,
        1,
        1,
        null,
        1,
        null,
        null,
        null
      ],
      "/Users/colinarmstrong/Turing/mod2/day_hike/app/models/trip.rb": [
        1,
        1,
        1,
        null,
        1,
        6,
        null,
        null,
        1,
        6,
        null,
        null,
        1,
        1,
        null,
        null
      ],
      "/Users/colinarmstrong/Turing/mod2/day_hike/app/models/application_record.rb": [
        1,
        1,
        null
      ],
      "/Users/colinarmstrong/Turing/mod2/day_hike/app/controllers/trips_controller.rb": [
        1,
        1,
        2,
        null,
        null,
        1,
        5,
        null,
        null
      ],
      "/Users/colinarmstrong/Turing/mod2/day_hike/app/controllers/application_controller.rb": [
        1,
        1,
        null
      ],
      "/Users/colinarmstrong/Turing/mod2/day_hike/app/models/trip_trail.rb": [
        1,
        1,
        1,
        null
      ],
      "/Users/colinarmstrong/Turing/mod2/day_hike/app/models/trail.rb": [
        1,
        1,
        1,
        null
      ]
    },
    "timestamp": 1532709721
  }
}
